..\\Parameters\\function.h(80): Found resource "http://localhost:1080/WebTours/images/signoff.gif" in HTML "http://localhost:1080/cgi-bin/nav.pl?page=menu&in=home"  	[MsgId: MMSG-26659]
Starting iteration 81.
Starting action Action_SearchTicket_NotPayment.
Action_SearchTicket_NotPayment.c(8): Notify: Transaction "UC_02_HW5_SearchTicket_NotPayment" started.
Action_SearchTicket_NotPayment.c(10): web_set_sockets_option started  	[MsgId: MMSG-26355]
Action_SearchTicket_NotPayment.c(10): web_set_sockets_option was successful  	[MsgId: MMSG-26392]
Action_SearchTicket_NotPayment.c(13): Notify: Transaction "open_webtours_site" started.
..\\Parameters\\function.h(10): web_add_auto_header("Sec-Fetch-Dest") started  	[MsgId: MMSG-26355]
..\\Parameters\\function.h(10): web_add_auto_header("Sec-Fetch-Dest") was successful  	[MsgId: MMSG-26392]
..\\Parameters\\function.h(13): web_add_auto_header("Sec-Fetch-Mode") started  	[MsgId: MMSG-26355]
..\\Parameters\\function.h(13): web_add_auto_header("Sec-Fetch-Mode") was successful  	[MsgId: MMSG-26392]
..\\Parameters\\function.h(16): web_add_auto_header("Sec-Fetch-Site") started  	[MsgId: MMSG-26355]
..\\Parameters\\function.h(16): web_add_auto_header("Sec-Fetch-Site") was successful  	[MsgId: MMSG-26392]
..\\Parameters\\function.h(19): web_add_auto_header("Upgrade-Insecure-Requests") started  	[MsgId: MMSG-26355]
..\\Parameters\\function.h(19): web_add_auto_header("Upgrade-Insecure-Requests") was successful  	[MsgId: MMSG-26392]
..\\Parameters\\function.h(22): web_add_auto_header("sec-ch-ua") started  	[MsgId: MMSG-26355]
..\\Parameters\\function.h(22): web_add_auto_header("sec-ch-ua") was successful  	[MsgId: MMSG-26392]
..\\Parameters\\function.h(25): web_add_auto_header("sec-ch-ua-mobile") started  	[MsgId: MMSG-26355]
..\\Parameters\\function.h(25): web_add_auto_header("sec-ch-ua-mobile") was successful  	[MsgId: MMSG-26392]
..\\Parameters\\function.h(28): web_add_auto_header("sec-ch-ua-platform") started  	[MsgId: MMSG-26355]
..\\Parameters\\function.h(28): web_add_auto_header("sec-ch-ua-platform") was successful  	[MsgId: MMSG-26392]
..\\Parameters\\function.h(33): web_reg_save_param_attrib started  	[MsgId: MMSG-26355]
..\\Parameters\\function.h(33): Registering web_reg_save_param_attrib was successful  	[MsgId: MMSG-26390]
..\\Parameters\\function.h(46): web_reg_find started  	[MsgId: MMSG-26355]
..\\Parameters\\function.h(46): Registering web_reg_find was successful  	[MsgId: MMSG-26390]
..\\Parameters\\function.h(50): web_url("welcome.pl") started  	[MsgId: MMSG-26355]
..\\Parameters\\function.h(50): Detected non-resource "http://localhost:1080/cgi-bin/nav.pl?in=home" in "http://localhost:1080/cgi-bin/welcome.pl?signOff=true"  	[MsgId: MMSG-26574]
..\\Parameters\\function.h(50): Detected non-resource "http://localhost:1080/WebTours/home.html" in "http://localhost:1080/cgi-bin/welcome.pl?signOff=true"  	[MsgId: MMSG-26574]
..\\Parameters\\function.h(50): Found resource "http://localhost:1080/WebTours/images/mer_login.gif" in HTML "http://localhost:1080/cgi-bin/nav.pl?in=home"  	[MsgId: MMSG-26659]
Ending Vuser...
Ending Vuser...
Starting action vuser_end.
Starting action vuser_end.
Ending action vuser_end.
Ending action vuser_end.
Vuser Terminated.
Vuser Terminated.
Ending Vuser...
Starting action vuser_end.
Ending Vuser...
Starting action vuser_end.
Ending action vuser_end.
Vuser Terminated.
Ending action vuser_end.
Vuser Terminated.
Ending Vuser...
Ending Vuser...
Starting action vuser_end.
Ending action vuser_end.
Vuser Terminated.
Ending Vuser...
Starting action vuser_end.
Starting action vuser_end.
Ending action vuser_end.
Vuser Terminated.
Ending action vuser_end.
Vuser Terminated.
..\\Parameters\\function.h(50): Registered web_reg_find successful for "Text=Welcome to the Web Tours site" (count=1)  	[MsgId: MMSG-26364]
..\\Parameters\\function.h(50): web_url("welcome.pl") was successful, 4207 body bytes, 1177 header bytes, 24 chunking overhead bytes  	[MsgId: MMSG-26385]
Action_SearchTicket_NotPayment.c(15): Notify: Transaction "open_webtours_site" ended with a "Pass" status (Duration: 0,1397 Wasted Time: 0,0002).
Action_SearchTicket_NotPayment.c(18): lr_think_time: 2,00 seconds.
..\\Parameters\\function.h(80): Registered web_reg_find successful for "Text=User password was correct" (count=1)  	[MsgId: MMSG-26364]
..\\Parameters\\function.h(80): Registered web_reg_find successful for "Text=Welcome, <b>jojo</b>, to the Web Tours reservation pages" (count=1)  	[MsgId: MMSG-26364]
..\\Parameters\\function.h(80): web_submit_data("login.pl") was successful, 5779 body bytes, 2031 header bytes, 36 chunking overhead bytes  	[MsgId: MMSG-26385]
Action_SearchTicket_NotPayment.c(24): Notify: Transaction "login" ended with a "Pass" status (Duration: 2,1688 Wasted Time: 0,0000).
Action_SearchTicket_NotPayment.c(27): lr_think_time: 2,00 seconds.
..\\Parameters\\function.h(80): Registered web_reg_find successful for "Text=User password was correct" (count=1)  	[MsgId: MMSG-26364]
..\\Parameters\\function.h(80): Registered web_reg_find successful for "Text=Welcome, <b>mrspuff</b>, to the Web Tours reservation pages" (count=1)  	[MsgId: MMSG-26364]
..\\Parameters\\function.h(80): web_submit_data("login.pl") was successful, 5782 body bytes, 2061 header bytes, 36 chunking overhead bytes  	[MsgId: MMSG-26385]
Action_SearchTicket_NotPayment.c(24): Notify: Transaction "login" ended with a "Pass" status (Duration: 2,1612 Wasted Time: 0,0000).
Action_SearchTicket_NotPayment.c(27): lr_think_time: 2,00 seconds.
Action_SearchTicket_NotPayment.c(22): Notify: Transaction "login" started.
..\\Parameters\\function.h(65): web_add_header("Origin") started  	[MsgId: MMSG-26355]
..\\Parameters\\function.h(65): web_add_header("Origin") was successful  	[MsgId: MMSG-26392]
..\\Parameters\\function.h(68): web_add_auto_header("Sec-Fetch-User") started  	[MsgId: MMSG-26355]
..\\Parameters\\function.h(68): web_add_auto_header("Sec-Fetch-User") was successful  	[MsgId: MMSG-26392]
..\\Parameters\\function.h(73): web_reg_find started  	[MsgId: MMSG-26355]
..\\Parameters\\function.h(73): Registering web_reg_find was successful  	[MsgId: MMSG-26390]
..\\Parameters\\function.h(76): web_reg_find started  	[MsgId: MMSG-26355]
..\\Parameters\\function.h(76): Registering web_reg_find was successful  	[MsgId: MMSG-26390]
..\\Parameters\\function.h(80): web_submit_data("login.pl") started  	[MsgId: MMSG-26355]
..\\Parameters\\function.h(80): Detected non-resource "http://localhost:1080/cgi-bin/nav.pl?page=menu&in=home" in "http://localhost:1080/cgi-bin/login.pl"  	[MsgId: MMSG-26574]
..\\Parameters\\function.h(80): Detected non-resource "http://localhost:1080/cgi-bin/login.pl?intro=true" in "http://localhost:1080/cgi-bin/login.pl"  	[MsgId: MMSG-26574]
..\\Parameters\\function.h(80): Found resource "http://localhost:1080/WebTours/images/flights.gif" in HTML "http://localhost:1080/cgi-bin/nav.pl?page=menu&in=home"  	[MsgId: MMSG-26659]
..\\Parameters\\function.h(80): Found resource "http://localhost:1080/WebTours/images/itinerary.gif" in HTML "http://localhost:1080/cgi-bin/nav.pl?page=menu&in=home"  	[MsgId: MMSG-26659]
..\\Parameters\\function.h(80): Found resource "http://localhost:1080/WebTours/images/in_home.gif" in HTML "http://localhost:1080/cgi-bin/nav.pl?page=menu&in=home"  	[MsgId: MMSG-26659]
..\\Parameters\\function.h(80): Found resource "http://localhost:1080/WebTours/images/signoff.gif" in HTML "http://localhost:1080/cgi-bin/nav.pl?page=menu&in=home"  	[MsgId: MMSG-26659]
..\\Parameters\\function.h(80): Registered web_reg_find successful for "Text=User password was correct" (count=1)  	[MsgId: MMSG-26364]
..\\Parameters\\function.h(80): Registered web_reg_find successful for "Text=Welcome, <b>karen</b>, to the Web Tours reservation pages" (count=1)  	[MsgId: MMSG-26364]
..\\Parameters\\function.h(80): web_submit_data("login.pl") was successful, 5780 body bytes, 2058 header bytes, 36 chunking overhead bytes  	[MsgId: MMSG-26385]
Action_SearchTicket_NotPayment.c(24): Notify: Transaction "login" ended with a "Pass" status (Duration: 0,2544 Wasted Time: 0,0000).
Action_SearchTicket_NotPayment.c(27): lr_think_time: 2,00 seconds.
Action_SearchTicket_NotPayment.c(31): Notify: Transaction "go_to_flights" started.
Action_SearchTicket_NotPayment.c(34): web_reg_find started  	[MsgId: MMSG-26355]
Action_SearchTicket_NotPayment.c(34): Registering web_reg_find was successful  	[MsgId: MMSG-26390]
Action_SearchTicket_NotPayment.c(37): web_reg_find started  	[MsgId: MMSG-26355]
Action_SearchTicket_NotPayment.c(37): Registering web_reg_find was successful  	[MsgId: MMSG-26390]
Action_SearchTicket_NotPayment.c(41): web_url("Search Flights Button") started  	[MsgId: MMSG-26355]
Action_SearchTicket_NotPayment.c(41): Detected non-resource "http://localhost:1080/cgi-bin/nav.pl?page=menu&in=flights" in "http://localhost:1080/cgi-bin/welcome.pl?page=search"  	[MsgId: MMSG-26574]
Action_SearchTicket_NotPayment.c(41): Detected non-resource "http://localhost:1080/cgi-bin/reservations.pl?page=welcome" in "http://localhost:1080/cgi-bin/welcome.pl?page=search"  	[MsgId: MMSG-26574]
Action_SearchTicket_NotPayment.c(41): Found resource "http://localhost:1080/WebTours/images/in_flights.gif" in HTML "http://localhost:1080/cgi-bin/nav.pl?page=menu&in=flights"  	[MsgId: MMSG-26659]
Action_SearchTicket_NotPayment.c(41): Resource "http://localhost:1080/WebTours/images/itinerary.gif" is in the cache already and will not be downloaded again  	[MsgId: MMSG-26655]
Action_SearchTicket_NotPayment.c(41): Found resource "http://localhost:1080/WebTours/images/home.gif" in HTML "http://localhost:1080/cgi-bin/nav.pl?page=menu&in=flights"  	[MsgId: MMSG-26659]
Action_SearchTicket_NotPayment.c(41): Resource "http://localhost:1080/WebTours/images/signoff.gif" is in the cache already and will not be downloaded again  	[MsgId: MMSG-26655]
Action_SearchTicket_NotPayment.c(41): Found resource "http://localhost:1080/WebTours/images/button_next.gif" in HTML "http://localhost:1080/cgi-bin/reservations.pl?page=welcome"  	[MsgId: MMSG-26659]
Action_SearchTicket_NotPayment.c(41): Registered web_reg_find successful for "Text=User has returned to the search page.  Since user has already logged on" (count=1)  	[MsgId: MMSG-26364]
Action_SearchTicket_NotPayment.c(41): Registered web_reg_find successful for "Text=<font color="#003366">&nbsp;&nbsp;<b>Find Flight</font></b>" (count=1)  	[MsgId: MMSG-26364]
Action_SearchTicket_NotPayment.c(41): web_url("Search Flights Button") was successful, 8516 body bytes, 1616 header bytes, 43 chunking overhead bytes  	[MsgId: MMSG-26385]
Action_SearchTicket_NotPayment.c(51): Notify: Transaction "go_to_flights" ended with a "Pass" status (Duration: 0,2429 Wasted Time: 0,0001).
Action_SearchTicket_NotPayment.c(54): lr_think_time: 2,00 seconds.
Action_SearchTicket_NotPayment.c(31): Notify: Transaction "go_to_flights" started.
Action_SearchTicket_NotPayment.c(34): web_reg_find started  	[MsgId: MMSG-26355]
Action_SearchTicket_NotPayment.c(34): Registering web_reg_find was successful  	[MsgId: MMSG-26390]
Action_SearchTicket_NotPayment.c(37): web_reg_find started  	[MsgId: MMSG-26355]
Action_SearchTicket_NotPayment.c(37): Registering web_reg_find was successful  	[MsgId: MMSG-26390]
Action_SearchTicket_NotPayment.c(41): web_url("Search Flights Button") started  	[MsgId: MMSG-26355]
Action_SearchTicket_NotPayment.c(41): Detected non-resource "http://localhost:1080/cgi-bin/nav.pl?page=menu&in=flights" in "http://localhost:1080/cgi-bin/welcome.pl?page=search"  	[MsgId: MMSG-26574]
Action_SearchTicket_NotPayment.c(41): Detected non-resource "http://localhost:1080/cgi-bin/reservations.pl?page=welcome" in "http://localhost:1080/cgi-bin/welcome.pl?page=search"  	[MsgId: MMSG-26574]
Action_SearchTicket_NotPayment.c(41): Found resource "http://localhost:1080/WebTours/images/button_next.gif" in HTML "http://localhost:1080/cgi-bin/reservations.pl?page=welcome"  	[MsgId: MMSG-26659]
Action_SearchTicket_NotPayment.c(41): Found resource "http://localhost:1080/WebTours/images/in_flights.gif" in HTML "http://localhost:1080/cgi-bin/nav.pl?page=menu&in=flights"  	[MsgId: MMSG-26659]
Action_SearchTicket_NotPayment.c(41): Resource "http://localhost:1080/WebTours/images/itinerary.gif" is in the cache already and will not be downloaded again  	[MsgId: MMSG-26655]
Action_SearchTicket_NotPayment.c(41): Found resource "http://localhost:1080/WebTours/images/home.gif" in HTML "http://localhost:1080/cgi-bin/nav.pl?page=menu&in=flights"  	[MsgId: MMSG-26659]
Action_SearchTicket_NotPayment.c(41): Resource "http://localhost:1080/WebTours/images/signoff.gif" is in the cache already and will not be downloaded again  	[MsgId: MMSG-26655]
Action_SearchTicket_NotPayment.c(41): Registered web_reg_find successful for "Text=User has returned to the search page.  Since user has already logged on" (count=1)  	[MsgId: MMSG-26364]
Action_SearchTicket_NotPayment.c(41): Registered web_reg_find successful for "Text=<font color="#003366">&nbsp;&nbsp;<b>Find Flight</font></b>" (count=1)  	[MsgId: MMSG-26364]
Action_SearchTicket_NotPayment.c(41): web_url("Search Flights Button") was successful, 8516 body bytes, 1616 header bytes, 37 chunking overhead bytes  	[MsgId: MMSG-26385]
Action_SearchTicket_NotPayment.c(51): Notify: Transaction "go_to_flights" ended with a "Pass" status (Duration: 0,1709 Wasted Time: 0,0001).
Action_SearchTicket_NotPayment.c(54): lr_think_time: 2,00 seconds.
Action_SearchTicket_NotPayment.c(31): Notify: Transaction "go_to_flights" started.
Action_SearchTicket_NotPayment.c(34): web_reg_find started  	[MsgId: MMSG-26355]
Action_SearchTicket_NotPayment.c(34): Registering web_reg_find was successful  	[MsgId: MMSG-26390]
Action_SearchTicket_NotPayment.c(37): web_reg_find started  	[MsgId: MMSG-26355]
Action_SearchTicket_NotPayment.c(37): Registering web_reg_find was successful  	[MsgId: MMSG-26390]
Action_SearchTicket_NotPayment.c(41): web_url("Search Flights Button") started  	[MsgId: MMSG-26355]
Action_SearchTicket_NotPayment.c(41): Detected non-resource "http://localhost:1080/cgi-bin/nav.pl?page=menu&in=flights" in "http://localhost:1080/cgi-bin/welcome.pl?page=search"  	[MsgId: MMSG-26574]
Action_SearchTicket_NotPayment.c(41): Detected non-resource "http://localhost:1080/cgi-bin/reservations.pl?page=welcome" in "http://localhost:1080/cgi-bin/welcome.pl?page=search"  	[MsgId: MMSG-26574]
Action_SearchTicket_NotPayment.c(41): Found resource "http://localhost:1080/WebTours/images/button_next.gif" in HTML "http://localhost:1080/cgi-bin/reservations.pl?page=welcome"  	[MsgId: MMSG-26659]
Action_SearchTicket_NotPayment.c(41): Found resource "http://localhost:1080/WebTours/images/in_flights.gif" in HTML "http://localhost:1080/cgi-bin/nav.pl?page=menu&in=flights"  	[MsgId: MMSG-26659]
Action_SearchTicket_NotPayment.c(41): Resource "http://localhost:1080/WebTours/images/itinerary.gif" is in the cache already and will not be downloaded again  	[MsgId: MMSG-26655]
Action_SearchTicket_NotPayment.c(41): Found resource "http://localhost:1080/WebTours/images/home.gif" in HTML "http://localhost:1080/cgi-bin/nav.pl?page=menu&in=flights"  	[MsgId: MMSG-26659]
Action_SearchTicket_NotPayment.c(41): Resource "http://localhost:1080/WebTours/images/signoff.gif" is in the cache already and will not be downloaded again  	[MsgId: MMSG-26655]
Action_SearchTicket_NotPayment.c(41): Registered web_reg_find successful for "Text=User has returned to the search page.  Since user has already logged on" (count=1)  	[MsgId: MMSG-26364]
Action_SearchTicket_NotPayment.c(41): Registered web_reg_find successful for "Text=<font color="#003366">&nbsp;&nbsp;<b>Find Flight</font></b>" (count=1)  	[MsgId: MMSG-26364]
Action_SearchTicket_NotPayment.c(41): web_url("Search Flights Button") was successful, 8516 body bytes, 1616 header bytes, 43 chunking overhead bytes  	[MsgId: MMSG-26385]
Action_SearchTicket_NotPayment.c(51): Notify: Transaction "go_to_flights" ended with a "Pass" status (Duration: 0,1861 Wasted Time: 0,0000).
Action_SearchTicket_NotPayment.c(54): lr_think_time: 2,00 seconds.
Action_SearchTicket_NotPayment.c(58): Notify: Transaction "choise_cities_passengers_seats" started.
Action_SearchTicket_NotPayment.c(60): web_add_auto_header("Origin") started  	[MsgId: MMSG-26355]
Action_SearchTicket_NotPayment.c(60): web_add_auto_header("Origin") was successful  	[MsgId: MMSG-26392]
Action_SearchTicket_NotPayment.c(77): web_reg_save_param_ex started  	[MsgId: MMSG-26355]
Action_SearchTicket_NotPayment.c(77): Registering web_reg_save_param_ex was successful  	[MsgId: MMSG-26390]
Action_SearchTicket_NotPayment.c(88): web_reg_save_param_regexp started  	[MsgId: MMSG-26355]
Action_SearchTicket_NotPayment.c(88): Registering web_reg_save_param_regexp was successful  	[MsgId: MMSG-26390]
..\\Parameters\\function.h(125): depart-from - Zurich
..\\Parameters\\function.h(129): arrive-to - Zurich
..\\Parameters\\function.h(132): result 0
..\\Parameters\\function.h(134): MATCH CHECK CITIES
..\\Parameters\\function.h(137): CHECK: city1 == city2
Action_SearchTicket_NotPayment.c(104): web_reg_find started  	[MsgId: MMSG-26355]
Action_SearchTicket_NotPayment.c(104): Registering web_reg_find was successful  	[MsgId: MMSG-26390]
Action_SearchTicket_NotPayment.c(108): web_submit_data("reservations.pl") started  	[MsgId: MMSG-26355]
Action_SearchTicket_NotPayment.c(108): Resource "http://localhost:1080/WebTours/images/button_next.gif" is in the cache already and will not be downloaded again  	[MsgId: MMSG-26655]
Action_SearchTicket_NotPayment.c(108): Registered web_reg_find successful for "Text=Flight departing from <b>Zurich</b> to <b>Los Angeles</b> on <B>04/27/2023</B>" (count=1)  	[MsgId: MMSG-26364]
Action_SearchTicket_NotPayment.c(108): web_submit_data("reservations.pl") was successful, 2451 body bytes, 255 header bytes, 12 chunking overhead bytes  	[MsgId: MMSG-26385]
Action_SearchTicket_NotPayment.c(132): Notify: Transaction "choise_cities_passengers_seats" ended with a "Pass" status (Duration: 0,0410 Wasted Time: 0,0002).
Action_SearchTicket_NotPayment.c(135): lr_think_time: 2,00 seconds.
Action_SearchTicket_NotPayment.c(58): Notify: Transaction "choise_cities_passengers_seats" started.
Action_SearchTicket_NotPayment.c(60): web_add_auto_header("Origin") started  	[MsgId: MMSG-26355]
Action_SearchTicket_NotPayment.c(60): web_add_auto_header("Origin") was successful  	[MsgId: MMSG-26392]
Action_SearchTicket_NotPayment.c(77): web_reg_save_param_ex started  	[MsgId: MMSG-26355]
Action_SearchTicket_NotPayment.c(77): Registering web_reg_save_param_ex was successful  	[MsgId: MMSG-26390]
Action_SearchTicket_NotPayment.c(88): web_reg_save_param_regexp started  	[MsgId: MMSG-26355]
Action_SearchTicket_NotPayment.c(88): Registering web_reg_save_param_regexp was successful  	[MsgId: MMSG-26390]
..\\Parameters\\function.h(125): depart-from - Los Angeles
..\\Parameters\\function.h(129): arrive-to - Los Angeles
..\\Parameters\\function.h(132): result 0
..\\Parameters\\function.h(134): MATCH CHECK CITIES
..\\Parameters\\function.h(137): CHECK: city1 == city2
Action_SearchTicket_NotPayment.c(104): web_reg_find started  	[MsgId: MMSG-26355]
Action_SearchTicket_NotPayment.c(104): Registering web_reg_find was successful  	[MsgId: MMSG-26390]
Action_SearchTicket_NotPayment.c(108): web_submit_data("reservations.pl") started  	[MsgId: MMSG-26355]
Action_SearchTicket_NotPayment.c(108): Resource "http://localhost:1080/WebTours/images/button_next.gif" is in the cache already and will not be downloaded again  	[MsgId: MMSG-26655]
Action_SearchTicket_NotPayment.c(108): Registered web_reg_find successful for "Text=Flight departing from <b>Los Angeles</b> to <b>Frankfurt</b> on <B>04/27/2023</B>" (count=1)  	[MsgId: MMSG-26364]
Action_SearchTicket_NotPayment.c(108): web_submit_data("reservations.pl") was successful, 2452 body bytes, 255 header bytes, 12 chunking overhead bytes  	[MsgId: MMSG-26385]
Action_SearchTicket_NotPayment.c(132): Notify: Transaction "choise_cities_passengers_seats" ended with a "Pass" status (Duration: 0,0429 Wasted Time: 0,0007).
Action_SearchTicket_NotPayment.c(135): lr_think_time: 2,00 seconds.
Action_SearchTicket_NotPayment.c(58): Notify: Transaction "choise_cities_passengers_seats" started.
Action_SearchTicket_NotPayment.c(60): web_add_auto_header("Origin") started  	[MsgId: MMSG-26355]
Action_SearchTicket_NotPayment.c(60): web_add_auto_header("Origin") was successful  	[MsgId: MMSG-26392]
Action_SearchTicket_NotPayment.c(77): web_reg_save_param_ex started  	[MsgId: MMSG-26355]
Action_SearchTicket_NotPayment.c(77): Registering web_reg_save_param_ex was successful  	[MsgId: MMSG-26390]
Action_SearchTicket_NotPayment.c(88): web_reg_save_param_regexp started  	[MsgId: MMSG-26355]
Action_SearchTicket_NotPayment.c(88): Registering web_reg_save_param_regexp was successful  	[MsgId: MMSG-26390]
..\\Parameters\\function.h(125): depart-from - Frankfurt
..\\Parameters\\function.h(129): arrive-to - Denver
..\\Parameters\\function.h(132): result 1
..\\Parameters\\function.h(134): MATCH CHECK CITIES
Action_SearchTicket_NotPayment.c(104): web_reg_find started  	[MsgId: MMSG-26355]
Action_SearchTicket_NotPayment.c(104): Registering web_reg_find was successful  	[MsgId: MMSG-26390]
Action_SearchTicket_NotPayment.c(108): web_submit_data("reservations.pl") started  	[MsgId: MMSG-26355]
Action_SearchTicket_NotPayment.c(108): Resource "http://localhost:1080/WebTours/images/button_next.gif" is in the cache already and will not be downloaded again  	[MsgId: MMSG-26655]
Action_SearchTicket_NotPayment.c(108): Registered web_reg_find successful for "Text=Flight departing from <b>Frankfurt</b> to <b>Denver</b> on <B>04/27/2023</B>" (count=1)  	[MsgId: MMSG-26364]
Action_SearchTicket_NotPayment.c(108): web_submit_data("reservations.pl") was successful, 2444 body bytes, 255 header bytes, 12 chunking overhead bytes  	[MsgId: MMSG-26385]
Action_SearchTicket_NotPayment.c(132): Notify: Transaction "choise_cities_passengers_seats" ended with a "Pass" status (Duration: 0,0992 Wasted Time: 0,0004).
Action_SearchTicket_NotPayment.c(135): lr_think_time: 2,00 seconds.
Action_SearchTicket_NotPayment.c(139): Notify: Transaction "choice_time_and_cost" started.
Action_SearchTicket_NotPayment.c(161): CostVal = 411
Action_SearchTicket_NotPayment.c(164): web_reg_find started  	[MsgId: MMSG-26355]
Action_SearchTicket_NotPayment.c(164): Registering web_reg_find was successful  	[MsgId: MMSG-26390]
Action_SearchTicket_NotPayment.c(169): web_submit_data("reservations.pl_2") started  	[MsgId: MMSG-26355]
Action_SearchTicket_NotPayment.c(169): Resource "http://localhost:1080/WebTours/images/button_next.gif" is in the cache already and will not be downloaded again  	[MsgId: MMSG-26655]
Action_SearchTicket_NotPayment.c(169): Registered web_reg_find successful for "Text=411" (count=2)  	[MsgId: MMSG-26364]
Action_SearchTicket_NotPayment.c(169): web_submit_data("reservations.pl_2") was successful, 2703 body bytes, 255 header bytes, 12 chunking overhead bytes  	[MsgId: MMSG-26385]
Action_SearchTicket_NotPayment.c(188): Notify: Transaction "choice_time_and_cost" ended with a "Pass" status (Duration: 0,0423 Wasted Time: 0,0000).
Action_SearchTicket_NotPayment.c(195): Notify: Transaction "logout" started.
..\\Parameters\\function.h(104): web_reg_find started  	[MsgId: MMSG-26355]
..\\Parameters\\function.h(104): Registering web_reg_find was successful  	[MsgId: MMSG-26390]
..\\Parameters\\function.h(108): web_url("SignOff Button") started  	[MsgId: MMSG-26355]
..\\Parameters\\function.h(108): Detected non-resource "http://localhost:1080/cgi-bin/nav.pl?in=home" in "http://localhost:1080/cgi-bin/welcome.pl?signOff=1"  	[MsgId: MMSG-26574]
..\\Parameters\\function.h(108): Detected non-resource "http://localhost:1080/WebTours/home.html" in "http://localhost:1080/cgi-bin/welcome.pl?signOff=1"  	[MsgId: MMSG-26574]
..\\Parameters\\function.h(108): Retrieving data from cache for "http://localhost:1080/WebTours/home.html"  	[MsgId: MMSG-26558]
..\\Parameters\\function.h(108): Resource "http://localhost:1080/WebTours/images/mer_login.gif" is in the cache already and will not be downloaded again  	[MsgId: MMSG-26655]
..\\Parameters\\function.h(108): Registered web_reg_find successful for "Text=Welcome to the Web Tours site" (count=1)  	[MsgId: MMSG-26364]
..\\Parameters\\function.h(108): web_url("SignOff Button") was successful, 2174 body bytes, 582 header bytes, 24 chunking overhead bytes  	[MsgId: MMSG-26385]
Action_SearchTicket_NotPayment.c(197): Notify: Transaction "logout" ended with a "Pass" status (Duration: 0,1752 Wasted Time: 0,0000).
Action_SearchTicket_NotPayment.c(200): Notify: Transaction "UC_02_HW5_SearchTicket_NotPayment" ended with a "Pass" status (Duration: 10,9358 Think Time: 8,0318 Wasted Time: 0,0006).
Ending action Action_SearchTicket_NotPayment.
Ending Vuser...
Starting action vuser_end.
Ending action vuser_end.
Vuser Terminated.
Action_SearchTicket_NotPayment.c(139): Notify: Transaction "choice_time_and_cost" started.
Action_SearchTicket_NotPayment.c(161): CostVal = 185
Action_SearchTicket_NotPayment.c(164): web_reg_find started  	[MsgId: MMSG-26355]
Action_SearchTicket_NotPayment.c(164): Registering web_reg_find was successful  	[MsgId: MMSG-26390]
Action_SearchTicket_NotPayment.c(169): web_submit_data("reservations.pl_2") started  	[MsgId: MMSG-26355]
Action_SearchTicket_NotPayment.c(169): Resource "http://localhost:1080/WebTours/images/button_next.gif" is in the cache already and will not be downloaded again  	[MsgId: MMSG-26655]
Action_SearchTicket_NotPayment.c(169): Registered web_reg_find successful for "Text=185" (count=2)  	[MsgId: MMSG-26364]
Action_SearchTicket_NotPayment.c(169): web_submit_data("reservations.pl_2") was successful, 2745 body bytes, 255 header bytes, 12 chunking overhead bytes  	[MsgId: MMSG-26385]
Action_SearchTicket_NotPayment.c(188): Notify: Transaction "choice_time_and_cost" ended with a "Pass" status (Duration: 0,0465 Wasted Time: 0,0000).
Action_SearchTicket_NotPayment.c(195): Notify: Transaction "logout" started.
..\\Parameters\\function.h(104): web_reg_find started  	[MsgId: MMSG-26355]
..\\Parameters\\function.h(104): Registering web_reg_find was successful  	[MsgId: MMSG-26390]
..\\Parameters\\function.h(108): web_url("SignOff Button") started  	[MsgId: MMSG-26355]
..\\Parameters\\function.h(108): Detected non-resource "http://localhost:1080/cgi-bin/nav.pl?in=home" in "http://localhost:1080/cgi-bin/welcome.pl?signOff=1"  	[MsgId: MMSG-26574]
..\\Parameters\\function.h(108): Detected non-resource "http://localhost:1080/WebTours/home.html" in "http://localhost:1080/cgi-bin/welcome.pl?signOff=1"  	[MsgId: MMSG-26574]
..\\Parameters\\function.h(108): Retrieving data from cache for "http://localhost:1080/WebTours/home.html"  	[MsgId: MMSG-26558]
..\\Parameters\\function.h(108): Resource "http://localhost:1080/WebTours/images/mer_login.gif" is in the cache already and will not be downloaded again  	[MsgId: MMSG-26655]
..\\Parameters\\function.h(108): Registered web_reg_find successful for "Text=Welcome to the Web Tours site" (count=1)  	[MsgId: MMSG-26364]
..\\Parameters\\function.h(108): web_url("SignOff Button") was successful, 2174 body bytes, 582 header bytes, 24 chunking overhead bytes  	[MsgId: MMSG-26385]
Action_SearchTicket_NotPayment.c(197): Notify: Transaction "logout" ended with a "Pass" status (Duration: 0,1683 Wasted Time: 0,0000).
Action_SearchTicket_NotPayment.c(200): Notify: Transaction "UC_02_HW5_SearchTicket_NotPayment" ended with a "Pass" status (Duration: 10,7539 Think Time: 8,0374 Wasted Time: 0,0011).
Ending action Action_SearchTicket_NotPayment.
Ending Vuser...
Starting action vuser_end.
Ending action vuser_end.
Vuser Terminated.
Action_SearchTicket_NotPayment.c(139): Notify: Transaction "choice_time_and_cost" started.
Action_SearchTicket_NotPayment.c(161): CostVal = 2169
Action_SearchTicket_NotPayment.c(164): web_reg_find started  	[MsgId: MMSG-26355]
Action_SearchTicket_NotPayment.c(164): Registering web_reg_find was successful  	[MsgId: MMSG-26390]
Action_SearchTicket_NotPayment.c(169): web_submit_data("reservations.pl_2") started  	[MsgId: MMSG-26355]
Action_SearchTicket_NotPayment.c(169): Resource "http://localhost:1080/WebTours/images/button_next.gif" is in the cache already and will not be downloaded again  	[MsgId: MMSG-26655]
Action_SearchTicket_NotPayment.c(169): Registered web_reg_find successful for "Text=2169" (count=1)  	[MsgId: MMSG-26364]
Action_SearchTicket_NotPayment.c(169): web_submit_data("reservations.pl_2") was successful, 2886 body bytes, 255 header bytes, 12 chunking overhead bytes  	[MsgId: MMSG-26385]
Action_SearchTicket_NotPayment.c(188): Notify: Transaction "choice_time_and_cost" ended with a "Pass" status (Duration: 0,0710 Wasted Time: 0,0010).
Action_SearchTicket_NotPayment.c(195): Notify: Transaction "logout" started.
..\\Parameters\\function.h(104): web_reg_find started  	[MsgId: MMSG-26355]
..\\Parameters\\function.h(104): Registering web_reg_find was successful  	[MsgId: MMSG-26390]
..\\Parameters\\function.h(108): web_url("SignOff Button") started  	[MsgId: MMSG-26355]
..\\Parameters\\function.h(108): Detected non-resource "http://localhost:1080/cgi-bin/nav.pl?in=home" in "http://localhost:1080/cgi-bin/welcome.pl?signOff=1"  	[MsgId: MMSG-26574]
..\\Parameters\\function.h(108): Detected non-resource "http://localhost:1080/WebTours/home.html" in "http://localhost:1080/cgi-bin/welcome.pl?signOff=1"  	[MsgId: MMSG-26574]
..\\Parameters\\function.h(108): Retrieving data from cache for "http://localhost:1080/WebTours/home.html"  	[MsgId: MMSG-26558]
..\\Parameters\\function.h(108): Resource "http://localhost:1080/WebTours/images/mer_login.gif" is in the cache already and will not be downloaded again  	[MsgId: MMSG-26655]
..\\Parameters\\function.h(108): Registered web_reg_find successful for "Text=Welcome to the Web Tours site" (count=1)  	[MsgId: MMSG-26364]
..\\Parameters\\function.h(108): web_url("SignOff Button") was successful, 2172 body bytes, 582 header bytes, 24 chunking overhead bytes  	[MsgId: MMSG-26385]
Action_SearchTicket_NotPayment.c(197): Notify: Transaction "logout" ended with a "Pass" status (Duration: 0,1848 Wasted Time: 0,0000).
Action_SearchTicket_NotPayment.c(200): Notify: Transaction "UC_02_HW5_SearchTicket_NotPayment" ended with a "Pass" status (Duration: 8,9669 Think Time: 8,0303 Wasted Time: 0,0017).
Ending action Action_SearchTicket_NotPayment.
Ending Vuser...
Starting action vuser_end.
Ending action vuser_end.
Vuser Terminated.
