Virtual User Script started at: 28.04.2023 10:12:15
Starting action vuser_init.
Web Turbo Replay of LoadRunner 2021.0.0 for Windows 10; build 430 (янв 05 2021 19:27:22)  	[MsgId: MMSG-26983]
Run mode: HTML  	[MsgId: MMSG-26993]
Replay user agent: Mozilla/5.0 (Windows NT 10.0; Win64; x64) AppleWebKit/537.36 (KHTML, like Gecko) Chrome/111.0.0.0 Safari/537.36  	[MsgId: MMSG-26988]
Runtime Settings file: "D:\LR_Projects\Scripts\UC_02_HW5_6VUs_Scripts_Vugen\UC_03_HW5_BuyTicket\\default.cfg"  	[MsgId: MMSG-27141]
Ending action vuser_init.
Running Vuser...
Starting iteration 1.
Maximum number of concurrent connections per server: 6  	[MsgId: MMSG-26989]
Starting action Action_BuyTicket.
Action_BuyTicket.c(6): Notify: Transaction "UC_03_HW5_BuyTicket" started.
Action_BuyTicket.c(8): web_set_sockets_option started  	[MsgId: MMSG-26355]
Action_BuyTicket.c(8): web_set_sockets_option was successful  	[MsgId: MMSG-26392]
Action_BuyTicket.c(11): Notify: Transaction "open_webtours_site" started.
..\\Parameters\\function.h(10): web_add_auto_header("Sec-Fetch-Dest") started  	[MsgId: MMSG-26355]
..\\Parameters\\function.h(10): web_add_auto_header("Sec-Fetch-Dest") was successful  	[MsgId: MMSG-26392]
..\\Parameters\\function.h(13): web_add_auto_header("Sec-Fetch-Mode") started  	[MsgId: MMSG-26355]
..\\Parameters\\function.h(13): web_add_auto_header("Sec-Fetch-Mode") was successful  	[MsgId: MMSG-26392]
..\\Parameters\\function.h(16): web_add_auto_header("Sec-Fetch-Site") started  	[MsgId: MMSG-26355]
..\\Parameters\\function.h(16): web_add_auto_header("Sec-Fetch-Site") was successful  	[MsgId: MMSG-26392]
..\\Parameters\\function.h(19): web_add_auto_header("Upgrade-Insecure-Requests") started  	[MsgId: MMSG-26355]
..\\Parameters\\function.h(19): web_add_auto_header("Upgrade-Insecure-Requests") was successful  	[MsgId: MMSG-26392]
..\\Parameters\\function.h(22): web_add_auto_header("sec-ch-ua") started  	[MsgId: MMSG-26355]
..\\Parameters\\function.h(22): web_add_auto_header("sec-ch-ua") was successful  	[MsgId: MMSG-26392]
..\\Parameters\\function.h(25): web_add_auto_header("sec-ch-ua-mobile") started  	[MsgId: MMSG-26355]
..\\Parameters\\function.h(25): web_add_auto_header("sec-ch-ua-mobile") was successful  	[MsgId: MMSG-26392]
..\\Parameters\\function.h(28): web_add_auto_header("sec-ch-ua-platform") started  	[MsgId: MMSG-26355]
..\\Parameters\\function.h(28): web_add_auto_header("sec-ch-ua-platform") was successful  	[MsgId: MMSG-26392]
..\\Parameters\\function.h(33): web_reg_save_param_attrib started  	[MsgId: MMSG-26355]
..\\Parameters\\function.h(33): Registering web_reg_save_param_attrib was successful  	[MsgId: MMSG-26390]
..\\Parameters\\function.h(46): web_reg_find started  	[MsgId: MMSG-26355]
..\\Parameters\\function.h(46): Registering web_reg_find was successful  	[MsgId: MMSG-26390]
..\\Parameters\\function.h(50): web_url("welcome.pl") started  	[MsgId: MMSG-26355]
..\\Parameters\\function.h(50): Detected non-resource "http://localhost:1080/cgi-bin/nav.pl?in=home" in "http://localhost:1080/cgi-bin/welcome.pl?signOff=true"  	[MsgId: MMSG-26574]
..\\Parameters\\function.h(50): Detected non-resource "http://localhost:1080/WebTours/home.html" in "http://localhost:1080/cgi-bin/welcome.pl?signOff=true"  	[MsgId: MMSG-26574]
..\\Parameters\\function.h(50): Found resource "http://localhost:1080/WebTours/images/mer_login.gif" in HTML "http://localhost:1080/cgi-bin/nav.pl?in=home"  	[MsgId: MMSG-26659]
..\\Parameters\\function.h(50): Registered web_reg_find successful for "Text=Welcome to the Web Tours site" (count=1)  	[MsgId: MMSG-26364]
..\\Parameters\\function.h(50): web_url("welcome.pl") was successful, 4216 body bytes, 1179 header bytes, 24 chunking overhead bytes  	[MsgId: MMSG-26385]
Action_BuyTicket.c(13): Notify: Transaction "open_webtours_site" ended with a "Pass" status (Duration: 4.2426 Wasted Time: 0.0714).
Action_BuyTicket.c(20): Notify: Transaction "login" started.
..\\Parameters\\function.h(65): web_add_header("Origin") started  	[MsgId: MMSG-26355]
..\\Parameters\\function.h(65): web_add_header("Origin") was successful  	[MsgId: MMSG-26392]
..\\Parameters\\function.h(68): web_add_auto_header("Sec-Fetch-User") started  	[MsgId: MMSG-26355]
..\\Parameters\\function.h(68): web_add_auto_header("Sec-Fetch-User") was successful  	[MsgId: MMSG-26392]
..\\Parameters\\function.h(73): web_reg_find started  	[MsgId: MMSG-26355]
..\\Parameters\\function.h(73): Registering web_reg_find was successful  	[MsgId: MMSG-26390]
..\\Parameters\\function.h(76): web_reg_find started  	[MsgId: MMSG-26355]
..\\Parameters\\function.h(76): Registering web_reg_find was successful  	[MsgId: MMSG-26390]
..\\Parameters\\function.h(80): web_submit_data("login.pl") started  	[MsgId: MMSG-26355]
..\\Parameters\\function.h(80): Detected non-resource "http://localhost:1080/cgi-bin/nav.pl?page=menu&in=home" in "http://localhost:1080/cgi-bin/login.pl"  	[MsgId: MMSG-26574]
..\\Parameters\\function.h(80): Detected non-resource "http://localhost:1080/cgi-bin/login.pl?intro=true" in "http://localhost:1080/cgi-bin/login.pl"  	[MsgId: MMSG-26574]
..\\Parameters\\function.h(80): Found resource "http://localhost:1080/WebTours/images/flights.gif" in HTML "http://localhost:1080/cgi-bin/nav.pl?page=menu&in=home"  	[MsgId: MMSG-26659]
..\\Parameters\\function.h(80): Found resource "http://localhost:1080/WebTours/images/itinerary.gif" in HTML "http://localhost:1080/cgi-bin/nav.pl?page=menu&in=home"  	[MsgId: MMSG-26659]
..\\Parameters\\function.h(80): Found resource "http://localhost:1080/WebTours/images/in_home.gif" in HTML "http://localhost:1080/cgi-bin/nav.pl?page=menu&in=home"  	[MsgId: MMSG-26659]
..\\Parameters\\function.h(80): Found resource "http://localhost:1080/WebTours/images/signoff.gif" in HTML "http://localhost:1080/cgi-bin/nav.pl?page=menu&in=home"  	[MsgId: MMSG-26659]
..\\Parameters\\function.h(80): Registered web_reg_find successful for "Text=User password was correct" (count=1)  	[MsgId: MMSG-26364]
..\\Parameters\\function.h(80): Registered web_reg_find successful for "Text=Welcome, <b>mrkrabs</b>, to the Web Tours reservation pages" (count=1)  	[MsgId: MMSG-26364]
..\\Parameters\\function.h(80): web_submit_data("login.pl") was successful, 5782 body bytes, 2063 header bytes, 36 chunking overhead bytes  	[MsgId: MMSG-26385]
Action_BuyTicket.c(22): Notify: Transaction "login" ended with a "Pass" status (Duration: 2.2377 Wasted Time: 0.0059).
Action_BuyTicket.c(29): Notify: Transaction "go_to_flights" started.
Action_BuyTicket.c(31): web_add_auto_header("Sec-Fetch-User") started  	[MsgId: MMSG-26355]
Action_BuyTicket.c(31): web_add_auto_header("Sec-Fetch-User") was successful  	[MsgId: MMSG-26392]
Action_BuyTicket.c(34): web_add_auto_header("Upgrade-Insecure-Requests") started  	[MsgId: MMSG-26355]
Action_BuyTicket.c(34): web_add_auto_header("Upgrade-Insecure-Requests") was successful  	[MsgId: MMSG-26392]
Action_BuyTicket.c(39): web_reg_find started  	[MsgId: MMSG-26355]
Action_BuyTicket.c(39): Registering web_reg_find was successful  	[MsgId: MMSG-26390]
Action_BuyTicket.c(42): web_reg_find started  	[MsgId: MMSG-26355]
Action_BuyTicket.c(42): Registering web_reg_find was successful  	[MsgId: MMSG-26390]
Action_BuyTicket.c(46): web_url("Search Flights Button") started  	[MsgId: MMSG-26355]
Action_BuyTicket.c(46): Detected non-resource "http://localhost:1080/cgi-bin/nav.pl?page=menu&in=flights" in "http://localhost:1080/cgi-bin/welcome.pl?page=search"  	[MsgId: MMSG-26574]
Action_BuyTicket.c(46): Detected non-resource "http://localhost:1080/cgi-bin/reservations.pl?page=welcome" in "http://localhost:1080/cgi-bin/welcome.pl?page=search"  	[MsgId: MMSG-26574]
Action_BuyTicket.c(46): Found resource "http://localhost:1080/WebTours/images/button_next.gif" in HTML "http://localhost:1080/cgi-bin/reservations.pl?page=welcome"  	[MsgId: MMSG-26659]
Action_BuyTicket.c(46): Found resource "http://localhost:1080/WebTours/images/in_flights.gif" in HTML "http://localhost:1080/cgi-bin/nav.pl?page=menu&in=flights"  	[MsgId: MMSG-26659]
Action_BuyTicket.c(46): Resource "http://localhost:1080/WebTours/images/itinerary.gif" is in the cache already and will not be downloaded again  	[MsgId: MMSG-26655]
Action_BuyTicket.c(46): Found resource "http://localhost:1080/WebTours/images/home.gif" in HTML "http://localhost:1080/cgi-bin/nav.pl?page=menu&in=flights"  	[MsgId: MMSG-26659]
Action_BuyTicket.c(46): Resource "http://localhost:1080/WebTours/images/signoff.gif" is in the cache already and will not be downloaded again  	[MsgId: MMSG-26655]
Action_BuyTicket.c(46): Registered web_reg_find successful for "Text=User has returned to the search page.  Since user has already logged on" (count=1)  	[MsgId: MMSG-26364]
Action_BuyTicket.c(46): Registered web_reg_find successful for "Text=<font color="#003366">&nbsp;&nbsp;<b>Find Flight</font></b>" (count=1)  	[MsgId: MMSG-26364]
Action_BuyTicket.c(46): web_url("Search Flights Button") was successful, 8516 body bytes, 1616 header bytes, 43 chunking overhead bytes  	[MsgId: MMSG-26385]
Action_BuyTicket.c(56): Notify: Transaction "go_to_flights" ended with a "Pass" status (Duration: 0,2971 Wasted Time: 0,0040).
Action_BuyTicket.c(63): Notify: Transaction "choise_cities_passengers_seats" started.
Action_BuyTicket.c(65): web_add_auto_header("Origin") started  	[MsgId: MMSG-26355]
Action_BuyTicket.c(65): web_add_auto_header("Origin") was successful  	[MsgId: MMSG-26392]
Action_BuyTicket.c(70): web_reg_save_param_ex started  	[MsgId: MMSG-26355]
Action_BuyTicket.c(70): Registering web_reg_save_param_ex was successful  	[MsgId: MMSG-26390]
Action_BuyTicket.c(81): web_reg_save_param_regexp started  	[MsgId: MMSG-26355]
Action_BuyTicket.c(81): Registering web_reg_save_param_regexp was successful  	[MsgId: MMSG-26390]
..\\Parameters\\function.h(125): depart-from - Paris
..\\Parameters\\function.h(129): arrive-to - Los Angeles
..\\Parameters\\function.h(132): result 1
..\\Parameters\\function.h(134): MATCH CHECK CITIES
Action_BuyTicket.c(97): web_reg_find started  	[MsgId: MMSG-26355]
Action_BuyTicket.c(97): Registering web_reg_find was successful  	[MsgId: MMSG-26390]
Action_BuyTicket.c(101): web_submit_data("reservations.pl") started  	[MsgId: MMSG-26355]
Action_BuyTicket.c(101): Resource "http://localhost:1080/WebTours/images/button_next.gif" is in the cache already and will not be downloaded again  	[MsgId: MMSG-26655]
Action_BuyTicket.c(101): Registered web_reg_find successful for "Text=Flight departing from <b>Paris</b> to <b>Los Angeles</b> on <B>04/28/2023</B>" (count=1)  	[MsgId: MMSG-26364]
Action_BuyTicket.c(101): web_submit_data("reservations.pl") was successful, 2446 body bytes, 255 header bytes, 12 chunking overhead bytes  	[MsgId: MMSG-26385]
Action_BuyTicket.c(125): Notify: Transaction "choise_cities_passengers_seats" ended with a "Pass" status (Duration: 0,1678 Wasted Time: 0,0056).
Action_BuyTicket.c(132): Notify: Transaction "choice_time_and_cost" started.
Action_BuyTicket.c(136): web_reg_find started  	[MsgId: MMSG-26355]
Action_BuyTicket.c(136): Registering web_reg_find was successful  	[MsgId: MMSG-26390]
Action_BuyTicket.c(155): CostVal = 2466
Action_BuyTicket.c(158): web_reg_find started  	[MsgId: MMSG-26355]
Action_BuyTicket.c(158): Registering web_reg_find was successful  	[MsgId: MMSG-26390]
Action_BuyTicket.c(162): web_submit_data("reservations.pl_2") started  	[MsgId: MMSG-26355]
Action_BuyTicket.c(162): Resource "http://localhost:1080/WebTours/images/button_next.gif" is in the cache already and will not be downloaded again  	[MsgId: MMSG-26655]
Action_BuyTicket.c(162): Registered web_reg_find successful for "Text=<tr><td align="right">First Name : <td><input type="text" name="firstName" value="MrKrabs" size="15" />" (count=1)  	[MsgId: MMSG-26364]
Action_BuyTicket.c(162): Registered web_reg_find successful for "Text=2466" (count=1)  	[MsgId: MMSG-26364]
Action_BuyTicket.c(162): web_submit_data("reservations.pl_2") was successful, 2885 body bytes, 255 header bytes, 12 chunking overhead bytes  	[MsgId: MMSG-26385]
Action_BuyTicket.c(180): Notify: Transaction "choice_time_and_cost" ended with a "Pass" status (Duration: 0,2383 Wasted Time: 0,0044).
Action_BuyTicket.c(187): Notify: Transaction "input_user_info" started.
Action_BuyTicket.c(189): web_remove_auto_header("Origin") started  	[MsgId: MMSG-26355]
Action_BuyTicket.c(189): Previous automatically added web header for "Origin" removed  	[MsgId: MMSG-26587]
Action_BuyTicket.c(189): web_remove/revert_auto_header("Origin") was successful  	[MsgId: MMSG-26392]
Action_BuyTicket.c(191): web_remove_auto_header("Sec-Fetch-User") started  	[MsgId: MMSG-26355]
Action_BuyTicket.c(191): Previous automatically added web header for "Sec-Fetch-User" removed  	[MsgId: MMSG-26587]
Action_BuyTicket.c(191): web_remove/revert_auto_header("Sec-Fetch-User") was successful  	[MsgId: MMSG-26392]
Action_BuyTicket.c(193): web_remove_auto_header("Upgrade-Insecure-Requests") started  	[MsgId: MMSG-26355]
Action_BuyTicket.c(193): Previous automatically added web header for "Upgrade-Insecure-Requests" removed  	[MsgId: MMSG-26587]
Action_BuyTicket.c(193): web_remove/revert_auto_header("Upgrade-Insecure-Requests") was successful  	[MsgId: MMSG-26392]
Action_BuyTicket.c(195): web_add_header("Origin") started  	[MsgId: MMSG-26355]
Action_BuyTicket.c(195): web_add_header("Origin") was successful  	[MsgId: MMSG-26392]
Action_BuyTicket.c(200): web_reg_find started  	[MsgId: MMSG-26355]
Action_BuyTicket.c(200): Registering web_reg_find was successful  	[MsgId: MMSG-26390]
Action_BuyTicket.c(204): web_submit_data("reservations.pl_3") started  	[MsgId: MMSG-26355]
Action_BuyTicket.c(204): Found resource "http://localhost:1080/WebTours/images/bookanother.gif" in HTML "http://localhost:1080/cgi-bin/reservations.pl"  	[MsgId: MMSG-26659]
Action_BuyTicket.c(204): Registered web_reg_find successful for "Text=from Paris to Los Angeles" (count=1)  	[MsgId: MMSG-26364]
Action_BuyTicket.c(204): web_submit_data("reservations.pl_3") was successful, 3296 body bytes, 690 header bytes, 12 chunking overhead bytes  	[MsgId: MMSG-26385]
Action_BuyTicket.c(236): Notify: Transaction "input_user_info" ended with a "Pass" status (Duration: 0,2361 Wasted Time: 0,0036).
Action_BuyTicket.c(243): Notify: Transaction "go_to_itenary" started.
Action_BuyTicket.c(247): web_reg_find started  	[MsgId: MMSG-26355]
Action_BuyTicket.c(247): Registering web_reg_find was successful  	[MsgId: MMSG-26390]
Action_BuyTicket.c(252): web_reg_find started  	[MsgId: MMSG-26355]
Action_BuyTicket.c(252): Registering web_reg_find was successful  	[MsgId: MMSG-26390]
Action_BuyTicket.c(256): web_url("Itinerary Button") started  	[MsgId: MMSG-26355]
Action_BuyTicket.c(256): Detected non-resource "http://localhost:1080/cgi-bin/nav.pl?page=menu&in=itinerary" in "http://localhost:1080/cgi-bin/welcome.pl?page=itinerary"  	[MsgId: MMSG-26574]
Action_BuyTicket.c(256): Detected non-resource "http://localhost:1080/cgi-bin/itinerary.pl" in "http://localhost:1080/cgi-bin/welcome.pl?page=itinerary"  	[MsgId: MMSG-26574]
Action_BuyTicket.c(256): Found resource "http://localhost:1080/WebTours/images/cancelreservation.gif" in HTML "http://localhost:1080/cgi-bin/itinerary.pl"  	[MsgId: MMSG-26659]
Action_BuyTicket.c(256): Found resource "http://localhost:1080/WebTours/images/cancelallreservations.gif" in HTML "http://localhost:1080/cgi-bin/itinerary.pl"  	[MsgId: MMSG-26659]
Action_BuyTicket.c(256): Resource "http://localhost:1080/WebTours/images/flights.gif" is in the cache already and will not be downloaded again  	[MsgId: MMSG-26655]
Action_BuyTicket.c(256): Found resource "http://localhost:1080/WebTours/images/in_itinerary.gif" in HTML "http://localhost:1080/cgi-bin/nav.pl?page=menu&in=itinerary"  	[MsgId: MMSG-26659]
Action_BuyTicket.c(256): Resource "http://localhost:1080/WebTours/images/home.gif" is in the cache already and will not be downloaded again  	[MsgId: MMSG-26655]
Action_BuyTicket.c(256): Resource "http://localhost:1080/WebTours/images/signoff.gif" is in the cache already and will not be downloaded again  	[MsgId: MMSG-26655]
Action_BuyTicket.c(256): Registered web_reg_find successful for "Text=User wants the intineraries" (count=1)  	[MsgId: MMSG-26364]
Action_BuyTicket.c(256): Registered web_reg_find successful for "Text=MrKrabs Crab" (count=97)  	[MsgId: MMSG-26364]
Action_BuyTicket.c(256): web_url("Itinerary Button") was successful, 60466 body bytes, 1616 header bytes, 139 chunking overhead bytes  	[MsgId: MMSG-26385]
Action_BuyTicket.c(266): Notify: Transaction "go_to_itenary" ended with a "Pass" status (Duration: 0,2646 Wasted Time: 0,0052).
Action_BuyTicket.c(273): Notify: Transaction "logout" started.
..\\Parameters\\function.h(104): web_reg_find started  	[MsgId: MMSG-26355]
..\\Parameters\\function.h(104): Registering web_reg_find was successful  	[MsgId: MMSG-26390]
..\\Parameters\\function.h(108): web_url("SignOff Button") started  	[MsgId: MMSG-26355]
..\\Parameters\\function.h(108): Detected non-resource "http://localhost:1080/cgi-bin/nav.pl?in=home" in "http://localhost:1080/cgi-bin/welcome.pl?signOff=1"  	[MsgId: MMSG-26574]
..\\Parameters\\function.h(108): Detected non-resource "http://localhost:1080/WebTours/home.html" in "http://localhost:1080/cgi-bin/welcome.pl?signOff=1"  	[MsgId: MMSG-26574]
..\\Parameters\\function.h(108): Retrieving data from cache for "http://localhost:1080/WebTours/home.html"  	[MsgId: MMSG-26558]
..\\Parameters\\function.h(108): Resource "http://localhost:1080/WebTours/images/mer_login.gif" is in the cache already and will not be downloaded again  	[MsgId: MMSG-26655]
..\\Parameters\\function.h(108): Registered web_reg_find successful for "Text=Welcome to the Web Tours site" (count=1)  	[MsgId: MMSG-26364]
..\\Parameters\\function.h(108): web_url("SignOff Button") was successful, 2176 body bytes, 582 header bytes, 24 chunking overhead bytes  	[MsgId: MMSG-26385]
Action_BuyTicket.c(275): Notify: Transaction "logout" ended with a "Pass" status (Duration: 0,1687 Wasted Time: 0,0033).
Action_BuyTicket.c(278): Notify: Transaction "UC_03_HW5_BuyTicket" ended with a "Pass" status (Duration: 8,0411 Wasted Time: 0,1033).
Ending action Action_BuyTicket.
Ending iteration 1.
Ending Vuser...
Starting action vuser_end.
Ending action vuser_end.
Vuser Terminated.
